<?xml version="1.0" encoding="UTF-8"?>
<testng-results skipped="0" failed="0" total="3" passed="3">
  <reporter-output>
  </reporter-output>
  <suite name="PomOrange.AppTest" duration-ms="19235" started-at="2019-05-31T06:08:35Z" finished-at="2019-05-31T06:08:55Z">
    <groups>
    </groups>
    <test name="Command line test" duration-ms="19235" started-at="2019-05-31T06:08:35Z" finished-at="2019-05-31T06:08:55Z">
      <class name="PomOrange.AppTest">
        <test-method status="PASS" signature="appLaunch()[pri:0, instance:PomOrange.AppTest@32b260fa]" name="appLaunch" is-config="true" duration-ms="15809" started-at="2019-05-31T11:38:20Z" finished-at="2019-05-31T11:38:35Z">
          <reporter-output>
          </reporter-output>
        </test-method> <!-- appLaunch -->
        <test-method status="PASS" signature="Testing()[pri:1, instance:PomOrange.AppTest@32b260fa]" name="Testing" duration-ms="11305" started-at="2019-05-31T11:38:35Z" finished-at="2019-05-31T11:38:47Z">
          <reporter-output>
          </reporter-output>
        </test-method> <!-- Testing -->
        <test-method status="PASS" signature="Testing1()[pri:2, instance:PomOrange.AppTest@32b260fa]" name="Testing1" duration-ms="3898" started-at="2019-05-31T11:38:47Z" finished-at="2019-05-31T11:38:51Z">
          <reporter-output>
          </reporter-output>
        </test-method> <!-- Testing1 -->
        <test-method status="PASS" signature="Testing12()[pri:3, instance:PomOrange.AppTest@32b260fa]" name="Testing12" duration-ms="4013" started-at="2019-05-31T11:38:51Z" finished-at="2019-05-31T11:38:55Z">
          <reporter-output>
          </reporter-output>
        </test-method> <!-- Testing12 -->
        <test-method status="PASS" signature="appClose()[pri:0, instance:PomOrange.AppTest@32b260fa]" name="appClose" is-config="true" duration-ms="828" started-at="2019-05-31T11:38:55Z" finished-at="2019-05-31T11:38:56Z">
          <reporter-output>
          </reporter-output>
        </test-method> <!-- appClose -->
      </class> <!-- PomOrange.AppTest -->
    </test> <!-- Command line test -->
  </suite> <!-- PomOrange.AppTest -->
</testng-results>
