<?xml version="1.0" encoding="UTF-8"?>
<!-- Generated by org.testng.reporters.JUnitXMLReporter -->
<testsuite hostname="ramsunkara" name="Command line test" tests="3" failures="0" timestamp="31 May 2019 06:08:55 GMT" time="19.235" errors="0">
  <testcase name="Testing" time="11.305" classname="PomOrange.AppTest"/>
  <testcase name="Testing1" time="3.898" classname="PomOrange.AppTest"/>
  <testcase name="Testing12" time="4.013" classname="PomOrange.AppTest"/>
</testsuite> <!-- Command line test -->
